-- -*- mode: sql; -*-
-- Local Variables:
-- eval: (ejc-sql-mode)
-- End:
-------------------------------------------------- 2022.02.08 09:27:14.888 --
SELECT * from PROJECT

-------------------------------------------------- 2022.02.08 09:27:21.967 --
SELECT * from PROJECTS

-------------------------------------------------- 2022.02.08 09:27:33.892 --
SELECT * from PROJECTS

-------------------------------------------------- 2022.02.08 09:27:50.292 --
SELECT * from PROJECTS

-------------------------------------------------- 2022.02.08 09:27:55.755 --
SELECT * from PROJECTS

-------------------------------------------------- 2022.02.08 09:32:28.152 --
SELECT * from projects

-------------------------------------------------- 2022.02.08 09:32:46.638 --
SELECT * from projects

-------------------------------------------------- 2022.02.08 09:32:55.892 --
SELECT * from projects

-------------------------------------------------- 2022.02.08 09:34:16.466 --
SELECT s.schema_owner, s.schema_name, t.table_name
                 FROM information_schema.schemata AS s,
                      information_schema.tables AS t
                 WHERE t.table_schema = s.schema_name

-------------------------------------------------- 2022.02.08 09:34:49.140 --
SELECT p.proname
                    FROM   pg_catalog.pg_namespace n
                    JOIN   pg_catalog.pg_proc p
                      ON   p.pronamespace = n.oid
                    ORDER BY proname

-------------------------------------------------- 2022.02.08 09:35:14.260 --
SELECT p.proname
                    FROM   pg_catalog.pg_namespace n
                    JOIN   pg_catalog.pg_proc p
                      ON   p.pronamespace = n.oid
                    ORDER BY proname

-------------------------------------------------- 2022.02.08 09:35:37.435 --
SELECT p.proname
                    FROM   pg_catalog.pg_namespace n
                    JOIN   pg_catalog.pg_proc p
                      ON   p.pronamespace = n.oid
                    ORDER BY proname

-------------------------------------------------- 2022.02.08 09:35:47.887 --
SELECT p.proname
                    FROM   pg_catalog.pg_namespace n
                    JOIN   pg_catalog.pg_proc p
                      ON   p.pronamespace = n.oid
                    ORDER BY proname

-------------------------------------------------- 2022.02.08 09:36:12.711 --
SELECT p.proname
                    FROM   pg_catalog.pg_namespace n
                    JOIN   pg_catalog.pg_proc p
                      ON   p.pronamespace = n.oid
                    ORDER BY proname

-------------------------------------------------- 2022.02.08 09:36:20.384 --
SELECT p.proname
                    FROM   pg_catalog.pg_namespace n
                    JOIN   pg_catalog.pg_proc p
                      ON   p.pronamespace = n.oid
                    ORDER BY proname

-------------------------------------------------- 2022.02.08 09:36:44.750 --
SELECT p.proname
                    FROM   pg_catalog.pg_namespace n
                    JOIN   pg_catalog.pg_proc p
                      ON   p.pronamespace = n.oid
                    ORDER BY proname

-------------------------------------------------- 2022.02.08 09:37:46.785 --
SELECT p.proname
                    FROM   pg_catalog.pg_namespace n
                    JOIN   pg_catalog.pg_proc p
                      ON   p.pronamespace = n.oid
                    ORDER BY proname

-------------------------------------------------- 2022.02.08 09:38:16.183 --
SELECT * from projects

-------------------------------------------------- 2022.02.08 09:39:04.9 --
SELECT p.proname
                    FROM   pg_catalog.pg_namespace n
                    JOIN   pg_catalog.pg_proc p
                      ON   p.pronamespace = n.oid
                    ORDER BY proname

-------------------------------------------------- 2022.02.08 09:39:10.107 --
SELECT * from projects

-------------------------------------------------- 2022.02.08 09:40:25.590 --
SELECT * from projects

-------------------------------------------------- 2022.02.08 09:41:05.3 --
SELECT * from projects

-------------------------------------------------- 2022.02.08 09:42:01.676 --
SELECT * from projects

